-Xajruntimetarget:1.5
-Xlint:ignore
-XnoInline
-1.8
-encoding
UTF-8
-showWeaveInfo
-source
1.8
-target
1.8
-verbose
-classpath
C:\Users\RamaBisht\.m2\repository\org\seleniumhq\selenium\selenium-java\3.141.59\selenium-java-3.141.59.jar;C:\Users\RamaBisht\.m2\repository\io\github\bonigarcia\webdrivermanager\3.8.1\webdrivermanager-3.8.1.jar;C:\Users\RamaBisht\.m2\repository\org\aspectj\aspectjtools\1.9.6\aspectjtools-1.9.6.jar;C:\Users\RamaBisht\.m2\repository\org\aspectj\aspectjrt\1.9.6\aspectjrt-1.9.6.jar;C:\Users\RamaBisht\.m2\repository\com\jcraft\jsch\0.1.53\jsch-0.1.53.jar;C:\Users\RamaBisht\.m2\repository\org\testng\testng\7.3.0\testng-7.3.0.jar;C:\Users\RamaBisht\.m2\repository\org\uncommons\reportng\1.1.4\reportng-1.1.4.jar;C:\Users\RamaBisht\.m2\repository\xml-apis\xml-apis\1.4.01\xml-apis-1.4.01.jar;C:\Users\RamaBisht\.m2\repository\log4j\log4j\1.2.17\log4j-1.2.17.jar;C:\Users\RamaBisht\.m2\repository\org\springframework\spring-core\4.3.0.RELEASE\spring-core-4.3.0.RELEASE.jar;C:\Users\RamaBisht\.m2\repository\org\springframework\spring-web\4.3.0.RELEASE\spring-web-4.3.0.RELEASE.jar;C:\Users\RamaBisht\.m2\repository\com\fasterxml\jackson\core\jackson-databind\2.12.2\jackson-databind-2.12.2.jar;C:\Users\RamaBisht\.m2\repository\com\fasterxml\jackson\dataformat\jackson-dataformat-xml\2.12.2\jackson-dataformat-xml-2.12.2.jar;C:\Users\RamaBisht\.m2\repository\com\google\inject\guice\4.2.0\guice-4.2.0.jar;C:\Users\RamaBisht\.m2\repository\commons-io\commons-io\2.6\commons-io-2.6.jar;C:\Users\RamaBisht\.m2\repository\commons-lang\commons-lang\2.3\commons-lang-2.3.jar;C:\Users\RamaBisht\.m2\repository\org\apache\commons\commons-lang3\3.7\commons-lang3-3.7.jar;C:\Users\RamaBisht\.m2\repository\io\qameta\allure\allure-testng\2.13.9\allure-testng-2.13.9.jar;C:\Users\RamaBisht\.m2\repository\ru\yandex\qatools\allure\allure-testng-adaptor\1.5.4\allure-testng-adaptor-1.5.4.jar;C:\Users\RamaBisht\.m2\repository\org\slf4j\slf4j-nop\1.7.30\slf4j-nop-1.7.30.jar;C:\Users\RamaBisht\.m2\repository\org\seleniumhq\selenium\htmlunit-driver\2.33.2\htmlunit-driver-2.33.2.jar;C:\Users\RamaBisht\.m2\repository\io\grpc\grpc-netty\1.39.0\grpc-netty-1.39.0.jar;C:\Users\RamaBisht\.m2\repository\org\seleniumhq\selenium\selenium-api\3.141.59\selenium-api-3.141.59.jar;C:\Users\RamaBisht\.m2\repository\org\seleniumhq\selenium\selenium-chrome-driver\3.141.59\selenium-chrome-driver-3.141.59.jar;C:\Users\RamaBisht\.m2\repository\org\seleniumhq\selenium\selenium-edge-driver\3.141.59\selenium-edge-driver-3.141.59.jar;C:\Users\RamaBisht\.m2\repository\org\seleniumhq\selenium\selenium-firefox-driver\3.141.59\selenium-firefox-driver-3.141.59.jar;C:\Users\RamaBisht\.m2\repository\org\seleniumhq\selenium\selenium-ie-driver\3.141.59\selenium-ie-driver-3.141.59.jar;C:\Users\RamaBisht\.m2\repository\org\seleniumhq\selenium\selenium-opera-driver\3.141.59\selenium-opera-driver-3.141.59.jar;C:\Users\RamaBisht\.m2\repository\org\seleniumhq\selenium\selenium-remote-driver\3.141.59\selenium-remote-driver-3.141.59.jar;C:\Users\RamaBisht\.m2\repository\org\seleniumhq\selenium\selenium-safari-driver\3.141.59\selenium-safari-driver-3.141.59.jar;C:\Users\RamaBisht\.m2\repository\org\seleniumhq\selenium\selenium-support\3.141.59\selenium-support-3.141.59.jar;C:\Users\RamaBisht\.m2\repository\net\bytebuddy\byte-buddy\1.8.15\byte-buddy-1.8.15.jar;C:\Users\RamaBisht\.m2\repository\org\apache\commons\commons-exec\1.3\commons-exec-1.3.jar;C:\Users\RamaBisht\.m2\repository\com\google\guava\guava\25.0-jre\guava-25.0-jre.jar;C:\Users\RamaBisht\.m2\repository\com\google\code\findbugs\jsr305\1.3.9\jsr305-1.3.9.jar;C:\Users\RamaBisht\.m2\repository\org\checkerframework\checker-compat-qual\2.0.0\checker-compat-qual-2.0.0.jar;C:\Users\RamaBisht\.m2\repository\com\google\j2objc\j2objc-annotations\1.1\j2objc-annotations-1.1.jar;C:\Users\RamaBisht\.m2\repository\org\codehaus\mojo\animal-sniffer-annotations\1.14\animal-sniffer-annotations-1.14.jar;C:\Users\RamaBisht\.m2\repository\com\squareup\okhttp3\okhttp\3.11.0\okhttp-3.11.0.jar;C:\Users\RamaBisht\.m2\repository\com\squareup\okio\okio\1.14.0\okio-1.14.0.jar;C:\Users\RamaBisht\.m2\repository\org\slf4j\slf4j-api\1.7.25\slf4j-api-1.7.25.jar;C:\Users\RamaBisht\.m2\repository\com\google\code\gson\gson\2.8.5\gson-2.8.5.jar;C:\Users\RamaBisht\.m2\repository\org\apache\httpcomponents\httpclient\4.5.6\httpclient-4.5.6.jar;C:\Users\RamaBisht\.m2\repository\org\apache\httpcomponents\httpcore\4.4.10\httpcore-4.4.10.jar;C:\Users\RamaBisht\.m2\repository\commons-codec\commons-codec\1.10\commons-codec-1.10.jar;C:\Users\RamaBisht\.m2\repository\org\rauschig\jarchivelib\1.0.0\jarchivelib-1.0.0.jar;C:\Users\RamaBisht\.m2\repository\org\apache\commons\commons-compress\1.18\commons-compress-1.18.jar;C:\Users\RamaBisht\.m2\repository\org\jsoup\jsoup\1.11.3\jsoup-1.11.3.jar;C:\Users\RamaBisht\.m2\repository\com\beust\jcommander\1.78\jcommander-1.78.jar;C:\Users\RamaBisht\.m2\repository\org\apache\ant\ant\1.10.3\ant-1.10.3.jar;C:\Users\RamaBisht\.m2\repository\org\apache\ant\ant-launcher\1.10.3\ant-launcher-1.10.3.jar;C:\Users\RamaBisht\.m2\repository\junit\junit\4.12\junit-4.12.jar;C:\Users\RamaBisht\.m2\repository\org\hamcrest\hamcrest-core\1.3\hamcrest-core-1.3.jar;C:\Users\RamaBisht\.m2\repository\com\google\inject\guice\4.2.2\guice-4.2.2-no_aop.jar;C:\Users\RamaBisht\.m2\repository\org\yaml\snakeyaml\1.21\snakeyaml-1.21.jar;C:\Users\RamaBisht\.m2\repository\velocity\velocity\1.4\velocity-1.4.jar;C:\Users\RamaBisht\.m2\repository\commons-logging\commons-logging\1.2\commons-logging-1.2.jar;C:\Users\RamaBisht\.m2\repository\org\springframework\spring-aop\4.3.0.RELEASE\spring-aop-4.3.0.RELEASE.jar;C:\Users\RamaBisht\.m2\repository\org\springframework\spring-beans\4.3.0.RELEASE\spring-beans-4.3.0.RELEASE.jar;C:\Users\RamaBisht\.m2\repository\org\springframework\spring-context\4.3.0.RELEASE\spring-context-4.3.0.RELEASE.jar;C:\Users\RamaBisht\.m2\repository\org\springframework\spring-expression\4.3.0.RELEASE\spring-expression-4.3.0.RELEASE.jar;C:\Users\RamaBisht\.m2\repository\com\fasterxml\jackson\core\jackson-annotations\2.12.2\jackson-annotations-2.12.2.jar;C:\Users\RamaBisht\.m2\repository\com\fasterxml\jackson\core\jackson-core\2.12.2\jackson-core-2.12.2.jar;C:\Users\RamaBisht\.m2\repository\com\fasterxml\jackson\module\jackson-module-jaxb-annotations\2.12.2\jackson-module-jaxb-annotations-2.12.2.jar;C:\Users\RamaBisht\.m2\repository\jakarta\xml\bind\jakarta.xml.bind-api\2.3.2\jakarta.xml.bind-api-2.3.2.jar;C:\Users\RamaBisht\.m2\repository\jakarta\activation\jakarta.activation-api\1.2.1\jakarta.activation-api-1.2.1.jar;C:\Users\RamaBisht\.m2\repository\org\codehaus\woodstox\stax2-api\4.2.1\stax2-api-4.2.1.jar;C:\Users\RamaBisht\.m2\repository\com\fasterxml\woodstox\woodstox-core\6.2.4\woodstox-core-6.2.4.jar;C:\Users\RamaBisht\.m2\repository\javax\inject\javax.inject\1\javax.inject-1.jar;C:\Users\RamaBisht\.m2\repository\aopalliance\aopalliance\1.0\aopalliance-1.0.jar;C:\Users\RamaBisht\.m2\repository\io\qameta\allure\allure-java-commons\2.13.9\allure-java-commons-2.13.9.jar;C:\Users\RamaBisht\.m2\repository\io\qameta\allure\allure-model\2.13.9\allure-model-2.13.9.jar;C:\Users\RamaBisht\.m2\repository\net\sourceforge\htmlunit\htmlunit\2.33\htmlunit-2.33.jar;C:\Users\RamaBisht\.m2\repository\xalan\xalan\2.7.2\xalan-2.7.2.jar;C:\Users\RamaBisht\.m2\repository\xalan\serializer\2.7.2\serializer-2.7.2.jar;C:\Users\RamaBisht\.m2\repository\org\apache\commons\commons-text\1.4\commons-text-1.4.jar;C:\Users\RamaBisht\.m2\repository\org\apache\httpcomponents\httpmime\4.5.6\httpmime-4.5.6.jar;C:\Users\RamaBisht\.m2\repository\net\sourceforge\htmlunit\htmlunit-core-js\2.33\htmlunit-core-js-2.33.jar;C:\Users\RamaBisht\.m2\repository\net\sourceforge\htmlunit\neko-htmlunit\2.33\neko-htmlunit-2.33.jar;C:\Users\RamaBisht\.m2\repository\xerces\xercesImpl\2.12.0\xercesImpl-2.12.0.jar;C:\Users\RamaBisht\.m2\repository\net\sourceforge\htmlunit\htmlunit-cssparser\1.2.0\htmlunit-cssparser-1.2.0.jar;C:\Users\RamaBisht\.m2\repository\commons-net\commons-net\3.6\commons-net-3.6.jar;C:\Users\RamaBisht\.m2\repository\org\eclipse\jetty\websocket\websocket-client\9.4.12.v20180830\websocket-client-9.4.12.v20180830.jar;C:\Users\RamaBisht\.m2\repository\org\eclipse\jetty\jetty-client\9.4.12.v20180830\jetty-client-9.4.12.v20180830.jar;C:\Users\RamaBisht\.m2\repository\org\eclipse\jetty\jetty-http\9.4.12.v20180830\jetty-http-9.4.12.v20180830.jar;C:\Users\RamaBisht\.m2\repository\org\eclipse\jetty\jetty-xml\9.4.12.v20180830\jetty-xml-9.4.12.v20180830.jar;C:\Users\RamaBisht\.m2\repository\org\eclipse\jetty\jetty-util\9.4.12.v20180830\jetty-util-9.4.12.v20180830.jar;C:\Users\RamaBisht\.m2\repository\org\eclipse\jetty\jetty-io\9.4.12.v20180830\jetty-io-9.4.12.v20180830.jar;C:\Users\RamaBisht\.m2\repository\org\eclipse\jetty\websocket\websocket-common\9.4.12.v20180830\websocket-common-9.4.12.v20180830.jar;C:\Users\RamaBisht\.m2\repository\org\eclipse\jetty\websocket\websocket-api\9.4.12.v20180830\websocket-api-9.4.12.v20180830.jar;C:\Users\RamaBisht\.m2\repository\io\grpc\grpc-core\1.39.0\grpc-core-1.39.0.jar;C:\Users\RamaBisht\.m2\repository\io\grpc\grpc-api\1.39.0\grpc-api-1.39.0.jar;C:\Users\RamaBisht\.m2\repository\io\grpc\grpc-context\1.39.0\grpc-context-1.39.0.jar;C:\Users\RamaBisht\.m2\repository\io\netty\netty-codec-http2\4.1.52.Final\netty-codec-http2-4.1.52.Final.jar;C:\Users\RamaBisht\.m2\repository\io\netty\netty-common\4.1.52.Final\netty-common-4.1.52.Final.jar;C:\Users\RamaBisht\.m2\repository\io\netty\netty-buffer\4.1.52.Final\netty-buffer-4.1.52.Final.jar;C:\Users\RamaBisht\.m2\repository\io\netty\netty-transport\4.1.52.Final\netty-transport-4.1.52.Final.jar;C:\Users\RamaBisht\.m2\repository\io\netty\netty-resolver\4.1.52.Final\netty-resolver-4.1.52.Final.jar;C:\Users\RamaBisht\.m2\repository\io\netty\netty-codec\4.1.52.Final\netty-codec-4.1.52.Final.jar;C:\Users\RamaBisht\.m2\repository\io\netty\netty-handler\4.1.52.Final\netty-handler-4.1.52.Final.jar;C:\Users\RamaBisht\.m2\repository\io\netty\netty-codec-http\4.1.52.Final\netty-codec-http-4.1.52.Final.jar;C:\Users\RamaBisht\.m2\repository\com\google\errorprone\error_prone_annotations\2.4.0\error_prone_annotations-2.4.0.jar;C:\Users\RamaBisht\java-selenium-poc\automacent-fwk-core\target\classes
-inpath
C:\Users\RamaBisht\.m2\repository\io\grpc\grpc-netty\1.39.0\grpc-netty-1.39.0.jar
-d
C:\Users\RamaBisht\java-selenium-poc\automacent-fwk-core\target\classes
C:\Users\RamaBisht\java-selenium-poc\automacent-fwk-core\src\main\java\com\automacent\fwk\annotations\Action.java
C:\Users\RamaBisht\java-selenium-poc\automacent-fwk-core\src\main\java\com\automacent\fwk\annotations\Component.java
C:\Users\RamaBisht\java-selenium-poc\automacent-fwk-core\src\main\java\com\automacent\fwk\annotations\Jira.java
C:\Users\RamaBisht\java-selenium-poc\automacent-fwk-core\src\main\java\com\automacent\fwk\annotations\Pages.java
C:\Users\RamaBisht\java-selenium-poc\automacent-fwk-core\src\main\java\com\automacent\fwk\annotations\Repeat.java
C:\Users\RamaBisht\java-selenium-poc\automacent-fwk-core\src\main\java\com\automacent\fwk\annotations\Step.java
C:\Users\RamaBisht\java-selenium-poc\automacent-fwk-core\src\main\java\com\automacent\fwk\annotations\Steps.java
C:\Users\RamaBisht\java-selenium-poc\automacent-fwk-core\src\main\java\com\automacent\fwk\annotations\StepsAndPagesProcessor.java
C:\Users\RamaBisht\java-selenium-poc\automacent-fwk-core\src\main\java\com\automacent\fwk\cmd\RuntimeProcess.java
C:\Users\RamaBisht\java-selenium-poc\automacent-fwk-core\src\main\java\com\automacent\fwk\core\BaseTest.java
C:\Users\RamaBisht\java-selenium-poc\automacent-fwk-core\src\main\java\com\automacent\fwk\core\BaseTestSelenium.java
C:\Users\RamaBisht\java-selenium-poc\automacent-fwk-core\src\main\java\com\automacent\fwk\core\BrowserControls.java
C:\Users\RamaBisht\java-selenium-poc\automacent-fwk-core\src\main\java\com\automacent\fwk\core\Driver.java
C:\Users\RamaBisht\java-selenium-poc\automacent-fwk-core\src\main\java\com\automacent\fwk\core\DriverManager.java
C:\Users\RamaBisht\java-selenium-poc\automacent-fwk-core\src\main\java\com\automacent\fwk\core\IPageObject.java
C:\Users\RamaBisht\java-selenium-poc\automacent-fwk-core\src\main\java\com\automacent\fwk\core\PageObject.java
C:\Users\RamaBisht\java-selenium-poc\automacent-fwk-core\src\main\java\com\automacent\fwk\core\TestObject.java
C:\Users\RamaBisht\java-selenium-poc\automacent-fwk-core\src\main\java\com\automacent\fwk\core\UnitTestSteps.java
C:\Users\RamaBisht\java-selenium-poc\automacent-fwk-core\src\main\java\com\automacent\fwk\core\WebServiceTestSteps.java
C:\Users\RamaBisht\java-selenium-poc\automacent-fwk-core\src\main\java\com\automacent\fwk\core\WebTestSteps.java
C:\Users\RamaBisht\java-selenium-poc\automacent-fwk-core\src\main\java\com\automacent\fwk\enums\BrowserId.java
C:\Users\RamaBisht\java-selenium-poc\automacent-fwk-core\src\main\java\com\automacent\fwk\enums\Color.java
C:\Users\RamaBisht\java-selenium-poc\automacent-fwk-core\src\main\java\com\automacent\fwk\enums\Css.java
C:\Users\RamaBisht\java-selenium-poc\automacent-fwk-core\src\main\java\com\automacent\fwk\enums\ErrorCode.java
C:\Users\RamaBisht\java-selenium-poc\automacent-fwk-core\src\main\java\com\automacent\fwk\enums\ExpectedCondition.java
C:\Users\RamaBisht\java-selenium-poc\automacent-fwk-core\src\main\java\com\automacent\fwk\enums\LogType.java
C:\Users\RamaBisht\java-selenium-poc\automacent-fwk-core\src\main\java\com\automacent\fwk\enums\MethodType.java
C:\Users\RamaBisht\java-selenium-poc\automacent-fwk-core\src\main\java\com\automacent\fwk\enums\RepeatMode.java
C:\Users\RamaBisht\java-selenium-poc\automacent-fwk-core\src\main\java\com\automacent\fwk\enums\RetryMode.java
C:\Users\RamaBisht\java-selenium-poc\automacent-fwk-core\src\main\java\com\automacent\fwk\enums\ScreenshotMode.java
C:\Users\RamaBisht\java-selenium-poc\automacent-fwk-core\src\main\java\com\automacent\fwk\enums\ScreenshotModeForIteration.java
C:\Users\RamaBisht\java-selenium-poc\automacent-fwk-core\src\main\java\com\automacent\fwk\enums\ScreenshotType.java
C:\Users\RamaBisht\java-selenium-poc\automacent-fwk-core\src\main\java\com\automacent\fwk\enums\TestStatus.java
C:\Users\RamaBisht\java-selenium-poc\automacent-fwk-core\src\main\java\com\automacent\fwk\exceptions\ActionExecutionException.java
C:\Users\RamaBisht\java-selenium-poc\automacent-fwk-core\src\main\java\com\automacent\fwk\exceptions\IterationsFailedException.java
C:\Users\RamaBisht\java-selenium-poc\automacent-fwk-core\src\main\java\com\automacent\fwk\exceptions\LauncherForceCompletedException.java
C:\Users\RamaBisht\java-selenium-poc\automacent-fwk-core\src\main\java\com\automacent\fwk\exceptions\MainTestInvocationFailedException.java
C:\Users\RamaBisht\java-selenium-poc\automacent-fwk-core\src\main\java\com\automacent\fwk\exceptions\RecoveryFailedException.java
C:\Users\RamaBisht\java-selenium-poc\automacent-fwk-core\src\main\java\com\automacent\fwk\exceptions\RestClientExecutionException.java
C:\Users\RamaBisht\java-selenium-poc\automacent-fwk-core\src\main\java\com\automacent\fwk\exceptions\RestClientInvocationException.java
C:\Users\RamaBisht\java-selenium-poc\automacent-fwk-core\src\main\java\com\automacent\fwk\exceptions\RestClientTokenException.java
C:\Users\RamaBisht\java-selenium-poc\automacent-fwk-core\src\main\java\com\automacent\fwk\exceptions\SetupFailedFatalException.java
C:\Users\RamaBisht\java-selenium-poc\automacent-fwk-core\src\main\java\com\automacent\fwk\exceptions\StepExecutionException.java
C:\Users\RamaBisht\java-selenium-poc\automacent-fwk-core\src\main\java\com\automacent\fwk\exceptions\TestDurationExceededException.java
C:\Users\RamaBisht\java-selenium-poc\automacent-fwk-core\src\main\java\com\automacent\fwk\exceptions\TestOrConfigurationSkipException.java
C:\Users\RamaBisht\java-selenium-poc\automacent-fwk-core\src\main\java\com\automacent\fwk\execution\ExceptionManager.java
C:\Users\RamaBisht\java-selenium-poc\automacent-fwk-core\src\main\java\com\automacent\fwk\execution\Executor.java
C:\Users\RamaBisht\java-selenium-poc\automacent-fwk-core\src\main\java\com\automacent\fwk\execution\IterationManager.java
C:\Users\RamaBisht\java-selenium-poc\automacent-fwk-core\src\main\java\com\automacent\fwk\execution\StepAndActionCompiler.java
C:\Users\RamaBisht\java-selenium-poc\automacent-fwk-core\src\main\java\com\automacent\fwk\execution\TestExecutor.java
C:\Users\RamaBisht\java-selenium-poc\automacent-fwk-core\src\main\java\com\automacent\fwk\execution\TestNgCompiler.java
C:\Users\RamaBisht\java-selenium-poc\automacent-fwk-core\src\main\java\com\automacent\fwk\execution\TestNGFileExecutor.java
C:\Users\RamaBisht\java-selenium-poc\automacent-fwk-core\src\main\java\com\automacent\fwk\launcher\AbstractLauncherClient.java
C:\Users\RamaBisht\java-selenium-poc\automacent-fwk-core\src\main\java\com\automacent\fwk\launcher\ILauncherClient.java
C:\Users\RamaBisht\java-selenium-poc\automacent-fwk-core\src\main\java\com\automacent\fwk\launcher\LauncherClientManager.java
C:\Users\RamaBisht\java-selenium-poc\automacent-fwk-core\src\main\java\com\automacent\fwk\launcher\LauncherHeartBeat.java
C:\Users\RamaBisht\java-selenium-poc\automacent-fwk-core\src\main\java\com\automacent\fwk\listeners\AutomacentListener.java
C:\Users\RamaBisht\java-selenium-poc\automacent-fwk-core\src\main\java\com\automacent\fwk\recovery\RecoveryManager.java
C:\Users\RamaBisht\java-selenium-poc\automacent-fwk-core\src\main\java\com\automacent\fwk\recovery\WebRecovery.java
C:\Users\RamaBisht\java-selenium-poc\automacent-fwk-core\src\main\java\com\automacent\fwk\reporting\ExecutionLogManager.java
C:\Users\RamaBisht\java-selenium-poc\automacent-fwk-core\src\main\java\com\automacent\fwk\reporting\Logger.java
C:\Users\RamaBisht\java-selenium-poc\automacent-fwk-core\src\main\java\com\automacent\fwk\reporting\ReportingTools.java
C:\Users\RamaBisht\java-selenium-poc\automacent-fwk-core\src\main\java\com\automacent\fwk\rest\Response.java
C:\Users\RamaBisht\java-selenium-poc\automacent-fwk-core\src\main\java\com\automacent\fwk\selenium\AutomacentWebDriverWait.java
C:\Users\RamaBisht\java-selenium-poc\automacent-fwk-core\src\main\java\com\automacent\fwk\selenium\CustomExpectedConditions.java
C:\Users\RamaBisht\java-selenium-poc\automacent-fwk-core\src\main\java\com\automacent\fwk\ssh\SSHManager.java
C:\Users\RamaBisht\java-selenium-poc\automacent-fwk-core\src\main\java\com\automacent\fwk\utils\AspectJUtils.java
C:\Users\RamaBisht\java-selenium-poc\automacent-fwk-core\src\main\java\com\automacent\fwk\utils\DateUtils.java
C:\Users\RamaBisht\java-selenium-poc\automacent-fwk-core\src\main\java\com\automacent\fwk\utils\EnumUtils.java
C:\Users\RamaBisht\java-selenium-poc\automacent-fwk-core\src\main\java\com\automacent\fwk\utils\FileUtils.java
C:\Users\RamaBisht\java-selenium-poc\automacent-fwk-core\src\main\java\com\automacent\fwk\utils\JacksonUtils.java
C:\Users\RamaBisht\java-selenium-poc\automacent-fwk-core\src\main\java\com\automacent\fwk\utils\LoggingUtils.java
C:\Users\RamaBisht\java-selenium-poc\automacent-fwk-core\src\main\java\com\automacent\fwk\utils\StringUtils.java
C:\Users\RamaBisht\java-selenium-poc\automacent-fwk-core\src\main\java\com\automacent\fwk\utils\ThreadUtils.java
C:\Users\RamaBisht\java-selenium-poc\automacent-fwk-core\src\main\java\com\automacent\fwk\utils\WebUtils.java
C:\Users\RamaBisht\java-selenium-poc\automacent-fwk-core\src\main\java\com\pom\pages\AbstractHomePage.java
C:\Users\RamaBisht\java-selenium-poc\automacent-fwk-core\src\main\java\com\pom\pages\home\HomePage.java
C:\Users\RamaBisht\java-selenium-poc\automacent-fwk-core\src\main\java\com\pom\pages\login\LoginPage.java
C:\Users\RamaBisht\java-selenium-poc\automacent-fwk-core\src\main\java\com\pom\steps\home\HomePageSteps.java
C:\Users\RamaBisht\java-selenium-poc\automacent-fwk-core\src\main\java\com\pom\steps\login\LoginSteps.java
